2022-06-15 21:16:05.243 [main] INFO  com.wch.austin.AustinApplication - Starting AustinApplication using Java 1.8.0_221 on WCH with PID 22384 (E:\JavaProject\wch-austin\austin-web\target\classes started by WCH in E:\JavaProject\wch-austin)
2022-06-15 21:16:05.246 [main] INFO  com.wch.austin.AustinApplication - No active profile set, falling back to default profiles: default
2022-06-15 21:16:05.870 [main] INFO  o.s.boot.web.embedded.tomcat.TomcatWebServer - Tomcat initialized with port(s): 8080 (http)
2022-06-15 21:16:05.876 [main] INFO  org.apache.coyote.http11.Http11NioProtocol - Initializing ProtocolHandler ["http-nio-8080"]
2022-06-15 21:16:05.877 [main] INFO  org.apache.catalina.core.StandardService - Starting service [Tomcat]
2022-06-15 21:16:05.877 [main] INFO  org.apache.catalina.core.StandardEngine - Starting Servlet engine: [Apache Tomcat/9.0.54]
2022-06-15 21:16:05.879 [main] INFO  org.apache.catalina.core.AprLifecycleListener - An older version [1.2.18] of the Apache Tomcat Native library is installed, while Tomcat recommends a minimum version of [1.2.30]
2022-06-15 21:16:05.879 [main] INFO  org.apache.catalina.core.AprLifecycleListener - Loaded Apache Tomcat Native library [1.2.18] using APR version [1.6.5].
2022-06-15 21:16:05.879 [main] INFO  org.apache.catalina.core.AprLifecycleListener - APR capabilities: IPv6 [true], sendfile [true], accept filters [false], random [true], UDS [false].
2022-06-15 21:16:05.879 [main] INFO  org.apache.catalina.core.AprLifecycleListener - APR/OpenSSL configuration: useAprConnector [false], useOpenSSL [true]
2022-06-15 21:16:05.880 [main] INFO  org.apache.catalina.core.AprLifecycleListener - OpenSSL successfully initialized [OpenSSL 1.1.1  11 Sep 2018]
2022-06-15 21:16:05.940 [main] INFO  o.a.c.core.ContainerBase.[Tomcat].[localhost].[/] - Initializing Spring embedded WebApplicationContext
2022-06-15 21:16:05.940 [main] INFO  o.s.b.w.s.c.ServletWebServerApplicationContext - Root WebApplicationContext: initialization completed in 659 ms
2022-06-15 21:16:06.592 [main] INFO  org.apache.coyote.http11.Http11NioProtocol - Starting ProtocolHandler ["http-nio-8080"]
2022-06-15 21:16:06.603 [main] INFO  o.s.boot.web.embedded.tomcat.TomcatWebServer - Tomcat started on port(s): 8080 (http) with context path ''
2022-06-15 21:16:06.609 [main] INFO  com.wch.austin.AustinApplication - Started AustinApplication in 1.662 seconds (JVM running for 2.57)
2022-06-15 21:16:28.821 [http-nio-8080-exec-1] INFO  o.a.c.core.ContainerBase.[Tomcat].[localhost].[/] - Initializing Spring DispatcherServlet 'dispatcherServlet'
2022-06-15 21:16:28.821 [http-nio-8080-exec-1] INFO  org.springframework.web.servlet.DispatcherServlet - Initializing Servlet 'dispatcherServlet'
2022-06-15 21:16:28.822 [http-nio-8080-exec-1] INFO  org.springframework.web.servlet.DispatcherServlet - Completed initialization in 1 ms
2022-06-15 21:16:28.864 [http-nio-8080-exec-1] INFO  com.wch.austin.util.OkHttpUtils - do post request and url[https://sms.tencentcloudapi.com/]
